[debug] [2025-11-17T09:03:05.519Z] ----------------------------------------------------------------------
[debug] [2025-11-17T09:03:05.520Z] Command:       /opt/homebrew/Cellar/node/25.1.0_2/bin/node /opt/homebrew/bin/firebase init functions
[debug] [2025-11-17T09:03:05.520Z] CLI Version:   14.24.2
[debug] [2025-11-17T09:03:05.520Z] Platform:      darwin
[debug] [2025-11-17T09:03:05.520Z] Node Version:  v25.1.0
[debug] [2025-11-17T09:03:05.520Z] Time:          Mon Nov 17 2025 17:03:05 GMT+0800 (Philippine Standard Time)
[debug] [2025-11-17T09:03:05.520Z] ----------------------------------------------------------------------
[debug] 
[info] 
     ######## #### ########  ######## ########     ###     ######  ########
     ##        ##  ##     ## ##       ##     ##  ##   ##  ##       ##
     ######    ##  ########  ######   ########  #########  ######  ######
     ##        ##  ##    ##  ##       ##     ## ##     ##       ## ##
     ##       #### ##     ## ######## ########  ##     ##  ######  ########

You're about to initialize a Firebase project in this directory:

  /Users/rejeanzapanta/Downloads/communitrade frontend complete

Before we get started, keep in mind:

  * You are initializing within an existing Firebase project directory

[info] 
=== Project Setup
[info] 
[info] First, let's associate this project directory with a Firebase project.
[info] You can create multiple project aliases by running firebase use --add, 
[info] 
[debug] [2025-11-17T09:03:05.578Z] > command requires scopes: ["email","openid","https://www.googleapis.com/auth/cloudplatformprojects.readonly","https://www.googleapis.com/auth/firebase","https://www.googleapis.com/auth/cloud-platform"]
[debug] [2025-11-17T09:03:05.578Z] > authorizing via signed-in user (202310500@gordoncollege.edu.ph)
[debug] [2025-11-17T09:03:05.578Z] Checked if tokens are valid: true, expires at: 1763373591749
[debug] [2025-11-17T09:03:05.578Z] Checked if tokens are valid: true, expires at: 1763373591749
[debug] [2025-11-17T09:03:05.578Z] >>> [apiv2][query] GET https://firebase.googleapis.com/v1beta1/projects/communitrade-a4527 [none]
[debug] [2025-11-17T09:03:06.218Z] <<< [apiv2][status] GET https://firebase.googleapis.com/v1beta1/projects/communitrade-a4527 200
[debug] [2025-11-17T09:03:06.218Z] <<< [apiv2][body] GET https://firebase.googleapis.com/v1beta1/projects/communitrade-a4527 {"projectId":"communitrade-a4527","projectNumber":"726620003639","displayName":"CommuniTrade","name":"projects/communitrade-a4527","resources":{"hostingSite":"communitrade-a4527","realtimeDatabaseInstance":"communitrade-a4527-default-rtdb"},"state":"ACTIVE","etag":"1_cc2159a9-e69b-4628-a23f-0961d9aeda48"}
[info] i  Using project communitrade-a4527 (CommuniTrade) . 
[info] 
=== Functions Setup
[debug] [2025-11-17T09:03:06.227Z] > command requires scopes: ["email","openid","https://www.googleapis.com/auth/cloudplatformprojects.readonly","https://www.googleapis.com/auth/firebase","https://www.googleapis.com/auth/cloud-platform"]
[debug] [2025-11-17T09:03:06.227Z] > authorizing via signed-in user (202310500@gordoncollege.edu.ph)
[debug] [2025-11-17T09:03:06.227Z] [iam] checking project communitrade-a4527 for permissions ["firebase.projects.get"]
[debug] [2025-11-17T09:03:06.227Z] Checked if tokens are valid: true, expires at: 1763373591749
[debug] [2025-11-17T09:03:06.227Z] Checked if tokens are valid: true, expires at: 1763373591749
[debug] [2025-11-17T09:03:06.227Z] >>> [apiv2][query] POST https://cloudresourcemanager.googleapis.com/v1/projects/communitrade-a4527:testIamPermissions [none]
[debug] [2025-11-17T09:03:06.227Z] >>> [apiv2][(partial)header] POST https://cloudresourcemanager.googleapis.com/v1/projects/communitrade-a4527:testIamPermissions x-goog-quota-user=projects/communitrade-a4527
[debug] [2025-11-17T09:03:06.228Z] >>> [apiv2][body] POST https://cloudresourcemanager.googleapis.com/v1/projects/communitrade-a4527:testIamPermissions {"permissions":["firebase.projects.get"]}
[debug] [2025-11-17T09:03:07.265Z] <<< [apiv2][status] POST https://cloudresourcemanager.googleapis.com/v1/projects/communitrade-a4527:testIamPermissions 200
[debug] [2025-11-17T09:03:07.265Z] <<< [apiv2][body] POST https://cloudresourcemanager.googleapis.com/v1/projects/communitrade-a4527:testIamPermissions {"permissions":["firebase.projects.get"]}
[info] 
Detected existing codebase(s): default

[debug] [2025-11-17T09:12:30.243Z] ExitPromptError: User force closed the prompt with SIGINT
    at Interface.sigint (/opt/homebrew/lib/node_modules/firebase-tools/node_modules/@inquirer/core/dist/commonjs/lib/create-prompt.js:101:37)
    at Interface.emit (node:events:508:28)
    at Interface.emit (node:domain:489:12)
    at [_ttyWrite] [as _ttyWrite] (node:internal/readline/interface:1317:18)
    at ReadStream.onkeypress (node:internal/readline/interface:284:20)
    at ReadStream.emit (node:events:520:35)
    at ReadStream.emit (node:domain:489:12)
    at emitKeys (node:internal/readline/utils:371:14)
    at emitKeys.next (<anonymous>)
    at ReadStream.onData (node:internal/readline/emitKeypressEvents:64:36)
[error] 
[error] Error: An unexpected error has occurred.
